<?xml version="1.0" encoding="utf-8"?><testsuites name="pytest tests"><testsuite name="pytest" errors="0" failures="0" skipped="0" tests="6" time="0.164" timestamp="2026-01-16T11:54:15.361166+00:00" hostname="agent-env-a775945f-4004-4734-9d64-753a7f9ed661"><testcase classname="tests.test_reset_pin_api.TestResetPinAPI" name="test_reset_pin_success_with_phone" time="0.018" /><testcase classname="tests.test_reset_pin_api.TestResetPinAPI" name="test_reset_pin_client_without_phone" time="0.003" /><testcase classname="tests.test_reset_pin_api.TestResetPinAPI" name="test_reset_pin_non_existent_client" time="0.003" /><testcase classname="tests.test_reset_pin_api.TestResetPinAPI" name="test_reset_pin_generates_unique_pins" time="0.009" /><testcase classname="tests.test_reset_pin_api.TestAPIHealth" name="test_api_status_endpoint" time="0.002" /><testcase classname="tests.test_reset_pin_api.TestAPIHealth" name="test_registered_clients_endpoint" time="0.003" /></testsuite></testsuites>